A:\Install\Microsoft Visual Studio\2017\Community\Common7\IDE\VC\VCTargets\Microsoft.CppBuild.targets(387,5): warning MSB8028: The intermediate directory (Debug\) contains files shared from another project (ConsoleApplication2.vcxproj, Frog.vcxproj).  This can lead to incorrect clean and rebuild behavior.
  main.cpp
c:\users\olavio\documents\visual studio 2017\projects\consoleapplication2\metodos.h(164): warning C4018: '<': signed/unsigned mismatch
c:\users\olavio\documents\visual studio 2017\projects\consoleapplication2\metodos.h(208): warning C4996: 'strcpy': This function or variable may be unsafe. Consider using strcpy_s instead. To disable deprecation, use _CRT_SECURE_NO_WARNINGS. See online help for details.
  c:\program files (x86)\windows kits\10\include\10.0.10240.0\ucrt\string.h(119): note: see declaration of 'strcpy'
c:\users\olavio\documents\visual studio 2017\projects\consoleapplication2\metodos.h(217): warning C4305: 'argument': truncation from 'double' to 'GLclampf'
c:\users\olavio\documents\visual studio 2017\projects\consoleapplication2\metodos.h(223): warning C4996: 'strcpy': This function or variable may be unsafe. Consider using strcpy_s instead. To disable deprecation, use _CRT_SECURE_NO_WARNINGS. See online help for details.
  c:\program files (x86)\windows kits\10\include\10.0.10240.0\ucrt\string.h(119): note: see declaration of 'strcpy'
c:\users\olavio\documents\visual studio 2017\projects\consoleapplication2\metodos.h(259): warning C4305: 'argument': truncation from 'double' to 'GLfloat'
c:\users\olavio\documents\visual studio 2017\projects\consoleapplication2\metodos.h(269): warning C4305: 'argument': truncation from 'double' to 'GLfloat'
c:\users\olavio\documents\visual studio 2017\projects\consoleapplication2\metodos.h(277): warning C4305: 'argument': truncation from 'double' to 'GLfloat'
c:\users\olavio\documents\visual studio 2017\projects\consoleapplication2\metodos.h(317): warning C4018: '<': signed/unsigned mismatch
c:\users\olavio\documents\visual studio 2017\projects\consoleapplication2\metodos.h(388): warning C4305: 'argument': truncation from 'double' to 'GLclampf'
c:\users\olavio\documents\visual studio 2017\projects\consoleapplication2\metodos.h(391): warning C4996: 'strcpy': This function or variable may be unsafe. Consider using strcpy_s instead. To disable deprecation, use _CRT_SECURE_NO_WARNINGS. See online help for details.
  c:\program files (x86)\windows kits\10\include\10.0.10240.0\ucrt\string.h(119): note: see declaration of 'strcpy'
  Generating Code...
  Skipping... (no relevant changes detected)
  Frog.cpp
  Car.cpp
  ConsoleApplication2.vcxproj -> C:\Users\olavio\Documents\Visual Studio 2017\Projects\ConsoleApplication2\Debug\ConsoleApplication2.exe
  ConsoleApplication2.vcxproj -> C:\Users\olavio\Documents\Visual Studio 2017\Projects\ConsoleApplication2\Debug\ConsoleApplication2.pdb (Partial PDB)
