[2017-11-14 01:55:20] [info]: O usuario deslogou
[2017-11-14 02:08:30] [info]: O usuario sandro foi criado. 
[2017-11-14 02:08:39] [info]: O usuario sandro acabou de logar.
[2017-11-14 02:08:49] [info]: O usuario 47 adicionou a serie The Walking Dead
[2017-11-14 02:09:15] [info]: O usuario 47 avaliou a serie de id 3
[2017-11-14 02:09:31] [info]: O usuario 47 alterou a avaliação da serie de id 3
[2017-11-14 02:09:43] [info]: O usuario 47 avaliou a serie de id 2
[2017-11-14 02:10:02] [info]: O usuario 47 alterou a senha
[2017-11-14 02:10:16] [info]: O usuario deslogou
[2017-11-14 02:10:29] [info]: O usuario teste99 foi criado. 
[2017-11-14 02:10:35] [info]: O usuario teste99 acabou de logar.
[2017-11-14 02:10:44] [info]: O usuario 48 avaliou a serie de id 3
[2017-11-14 02:13:25] [info]: O usuario deslogou
[2017-11-14 02:15:04] [info]: O usuario joao foi criado. 
[2017-11-14 02:15:17] [info]: O usuario joao acabou de logar.
[2017-11-14 02:16:36] [info]: O usuario deslogou
[2017-11-14 02:17:41] [info]: O usuario joao acabou de logar.
[2017-11-14 02:17:50] [info]: O usuario 49 avaliou a serie de id 3
[2017-11-14 02:18:11] [info]: O usuario 49 adicionou a serie Viking
[2017-11-14 02:19:54] [info]: O usuario 49 avaliou a serie de id 2
[2017-11-14 02:22:49] [info]: O usuario 49 avaliou a serie de id 1
[2017-11-14 02:31:29] [info]: O usuario 49 adicionou a serie 
[2017-11-14 02:31:29] [info]: O usuario 49 adicionou a série de id 4
[2017-11-14 02:32:06] [info]: O usuario 49 adicionou a série de id 5
[2017-11-14 02:32:48] [info]: O usuario deslogou
[2017-11-14 02:32:53] [info]: O usuario testeeee foi criado. 
[2017-11-14 02:33:02] [info]: O usuario testeeee acabou de logar.
[2017-11-14 02:33:05] [info]: O usuario 50 adicionou a serie 
[2017-11-14 02:33:05] [info]: O usuario 50 adicionou a série de id 1
[2017-11-14 02:33:12] [info]: O usuario 50 adicionou a série de id 2
[2017-11-14 02:33:16] [info]: O usuario 50 adicionou a série de id 3
[2017-11-14 02:42:35] [info]: O usuario 50 adicionou a série de id 4
[2017-11-14 02:47:34] [info]: O usuario 50 adicionou a serie Breaking Bad
[2017-11-14 02:49:18] [info]: O usuario 50 adicionou a série de id 7
[2017-11-14 02:54:22] [info]: O usuario 50 adicionou a serie Lost
[2017-11-14 02:54:34] [info]: O usuario 50 alterou a avaliação da serie de id 8
[2017-11-14 03:00:31] [info]: O usuario deslogou
[2017-11-14 03:00:38] [info]: O usuario testenho foi criado. 
[2017-11-14 03:00:43] [info]: O usuario testenho acabou de logar.
[2017-11-14 03:00:48] [info]: O usuario 51 adicionou a série de id 2
[2017-11-14 03:04:35] [info]: O usuario deslogou
[2017-11-14 03:08:58] [info]: O usuario olaviolacerda foi criado. 
[2017-11-14 03:09:13] [info]: O usuario olaviolacerda acabou de logar.
[2017-11-14 03:09:22] [info]: O usuario 52 adicionou a série de id 3
[2017-11-14 03:09:38] [info]: O usuario 52 adicionou a serie Dexter
[2017-11-14 03:10:06] [info]: O usuario 52 avaliou a serie de id 19
[2017-11-14 03:12:52] [info]: O usuario 52 avaliou a serie de id 18
[2017-11-14 03:12:54] [info]: O usuario deslogou
[2017-11-14 03:13:00] [info]: O usuario olaviolacerda acabou de logar.
[2017-11-14 03:16:38] [info]: O usuario 52 alterou a avaliação da serie de id 9
[2017-11-14 03:16:52] [info]: O usuario deslogou
[2017-11-14 03:18:37] [info]: O usuario flaviotoshiuk foi criado. 
[2017-11-14 03:18:49] [info]: O usuario flaviotoshiuk acabou de logar.
[2017-11-14 03:18:59] [info]: O usuario 53 adicionou a série de id 7
[2017-11-14 03:19:19] [info]: O usuario 53 adicionou a serie How i Met your mother
[2017-11-14 03:19:58] [info]: O usuario 53 alterou a avaliação da serie de id 10
[2017-11-14 03:20:17] [info]: O usuario 53 alterou a senha
[2017-11-14 03:20:48] [info]: O usuario deslogou
[2017-11-14 03:20:57] [info]: O usuario olaviolacerda acabou de logar.
[2017-11-14 03:21:02] [info]: O usuario 52 adicionou a série de id 10
[2017-11-14 03:21:19] [info]: O usuario 52 alterou a avaliação da serie de id 10
[2017-11-14 03:21:37] [info]: O usuario deslogou
[2017-11-14 03:21:40] [info]: O usuario admin acabou de logar.
[2017-11-14 03:22:07] [info]: O usuario de id 52 foi alterado a senha pelo admin
[2017-11-14 03:22:19] [info]: O usuario de id 52 foi removido pelo admin
[2017-11-14 03:22:58] [info]: O usuario deslogou
[2017-11-14 03:24:48] [info]: O usuario admin acabou de logar.
[2017-11-14 03:24:51] [info]: O usuario de id 45 foi removido pelo admin
[2017-11-14 03:25:28] [info]: O usuario deslogou
